# JRE version: OpenJDK Runtime Environment (8.0_242-b01) (build 1.8.0_242-release-1644-b01)
# Java VM: OpenJDK 64-Bit Server VM (25.242-b01 mixed mode windows-amd64 compressed oops)
Heap:
 PSYoungGen      total 654336K, used 293581K [0x00000000d5580000, 0x0000000100000000, 0x0000000100000000)
  eden space 610304K, 43% used [0x00000000d5580000,0x00000000e5ad4f78,0x00000000fa980000)
  from space 44032K, 58% used [0x00000000fa980000,0x00000000fc2de528,0x00000000fd480000)
  to   space 44544K, 0% used [0x00000000fd480000,0x00000000fd480000,0x0000000100000000)
 ParOldGen       total 183808K, used 75326K [0x0000000080000000, 0x000000008b380000, 0x00000000d5580000)
  object space 183808K, 40% used [0x0000000080000000,0x000000008498fa78,0x000000008b380000)
 Metaspace       used 107528K, capacity 113590K, committed 113816K, reserved 1146880K
  class space    used 14232K, capacity 15397K, committed 15528K, reserved 1048576K
GC Heap History (10 events):
Event: 31.426 GC heap before
{Heap before GC invocations=13 (full 3):
 PSYoungGen      total 415744K, used 396288K [0x00000000d5580000, 0x00000000f8e00000, 0x0000000100000000)
  eden space 396288K, 100% used [0x00000000d5580000,0x00000000ed880000,0x00000000ed880000)
  from space 19456K, 0% used [0x00000000ed880000,0x00000000ed880000,0x00000000eeb80000)
  to   space 25088K, 0% used [0x00000000f7580000,0x00000000f7580000,0x00000000f8e00000)
 ParOldGen       total 117760K, used 38827K [0x0000000080000000, 0x0000000087300000, 0x00000000d5580000)
  object space 117760K, 32% used [0x0000000080000000,0x00000000825eae10,0x0000000087300000)
 Metaspace       used 74501K, capacity 77734K, committed 77976K, reserved 1116160K
  class space    used 10071K, capacity 10660K, committed 10664K, reserved 1048576K
Event: 31.544 GC heap after
Heap after GC invocations=13 (full 3):
 PSYoungGen      total 544256K, used 25074K [0x00000000d5580000, 0x00000000f8e00000, 0x0000000100000000)
  eden space 519168K, 0% used [0x00000000d5580000,0x00000000d5580000,0x00000000f5080000)
  from space 25088K, 99% used [0x00000000f7580000,0x00000000f8dfcbf8,0x00000000f8e00000)
  to   space 30720K, 0% used [0x00000000f5200000,0x00000000f5200000,0x00000000f7000000)
 ParOldGen       total 117760K, used 43512K [0x0000000080000000, 0x0000000087300000, 0x00000000d5580000)
  object space 117760K, 36% used [0x0000000080000000,0x0000000082a7e0f8,0x0000000087300000)
 Metaspace       used 74501K, capacity 77734K, committed 77976K, reserved 1116160K
  class space    used 10071K, capacity 10660K, committed 10664K, reserved 1048576K
}
Event: 94.537 GC heap before
{Heap before GC invocations=14 (full 3):
 PSYoungGen      total 544256K, used 544242K [0x00000000d5580000, 0x00000000f8e00000, 0x0000000100000000)
  eden space 519168K, 100% used [0x00000000d5580000,0x00000000f5080000,0x00000000f5080000)
  from space 25088K, 99% used [0x00000000f7580000,0x00000000f8dfcbf8,0x00000000f8e00000)
  to   space 30720K, 0% used [0x00000000f5200000,0x00000000f5200000,0x00000000f7000000)
 ParOldGen       total 117760K, used 43512K [0x0000000080000000, 0x0000000087300000, 0x00000000d5580000)
  object space 117760K, 36% used [0x0000000080000000,0x0000000082a7e0f8,0x0000000087300000)
 Metaspace       used 91780K, capacity 95698K, committed 95896K, reserved 1132544K
  class space    used 12231K, capacity 12963K, committed 12968K, reserved 1048576K
Event: 94.689 GC heap after
Heap after GC invocations=14 (full 3):
 PSYoungGen      total 551424K, used 30701K [0x00000000d5580000, 0x0000000100000000, 0x0000000100000000)
  eden space 520704K, 0% used [0x00000000d5580000,0x00000000d5580000,0x00000000f5200000)
  from space 30720K, 99% used [0x00000000f5200000,0x00000000f6ffb678,0x00000000f7000000)
  to   space 44544K, 0% used [0x00000000fd480000,0x00000000fd480000,0x0000000100000000)
 ParOldGen       total 117760K, used 68289K [0x0000000080000000, 0x0000000087300000, 0x00000000d5580000)
  object space 117760K, 57% used [0x0000000080000000,0x00000000842b0470,0x0000000087300000)
 Metaspace       used 91780K, capacity 95698K, committed 95896K, reserved 1132544K
  class space    used 12231K, capacity 12963K, committed 12968K, reserved 1048576K
}
Event: 95.532 GC heap before
{Heap before GC invocations=15 (full 3):
 PSYoungGen      total 551424K, used 57164K [0x00000000d5580000, 0x0000000100000000, 0x0000000100000000)
  eden space 520704K, 5% used [0x00000000d5580000,0x00000000d6f57af0,0x00000000f5200000)
  from space 30720K, 99% used [0x00000000f5200000,0x00000000f6ffb678,0x00000000f7000000)
  to   space 44544K, 0% used [0x00000000fd480000,0x00000000fd480000,0x0000000100000000)
 ParOldGen       total 117760K, used 68289K [0x0000000080000000, 0x0000000087300000, 0x00000000d5580000)
  object space 117760K, 57% used [0x0000000080000000,0x00000000842b0470,0x0000000087300000)
 Metaspace       used 94067K, capacity 98532K, committed 98600K, reserved 1134592K
  class space    used 12604K, capacity 13412K, committed 13480K, reserved 1048576K
Event: 95.616 GC heap after
Heap after GC invocations=15 (full 3):
 PSYoungGen      total 654848K, used 6255K [0x00000000d5580000, 0x0000000100000000, 0x0000000100000000)
  eden space 610304K, 0% used [0x00000000d5580000,0x00000000d5580000,0x00000000fa980000)
  from space 44544K, 14% used [0x00000000fd480000,0x00000000fda9bd60,0x0000000100000000)
  to   space 44032K, 0% used [0x00000000fa980000,0x00000000fa980000,0x00000000fd480000)
 ParOldGen       total 117760K, used 90347K [0x0000000080000000, 0x0000000087300000, 0x00000000d5580000)
  object space 117760K, 76% used [0x0000000080000000,0x000000008583adb0,0x0000000087300000)
 Metaspace       used 94067K, capacity 98532K, committed 98600K, reserved 1134592K
  class space    used 12604K, capacity 13412K, committed 13480K, reserved 1048576K
}
Event: 95.616 GC heap before
{Heap before GC invocations=16 (full 4):
 PSYoungGen      total 654848K, used 6255K [0x00000000d5580000, 0x0000000100000000, 0x0000000100000000)
  eden space 610304K, 0% used [0x00000000d5580000,0x00000000d5580000,0x00000000fa980000)
  from space 44544K, 14% used [0x00000000fd480000,0x00000000fda9bd60,0x0000000100000000)
  to   space 44032K, 0% used [0x00000000fa980000,0x00000000fa980000,0x00000000fd480000)
 ParOldGen       total 117760K, used 90347K [0x0000000080000000, 0x0000000087300000, 0x00000000d5580000)
  object space 117760K, 76% used [0x0000000080000000,0x000000008583adb0,0x0000000087300000)
 Metaspace       used 94067K, capacity 98532K, committed 98600K, reserved 1134592K
  class space    used 12604K, capacity 13412K, committed 13480K, reserved 1048576K
Event: 95.978 GC heap after
Heap after GC invocations=16 (full 4):
 PSYoungGen      total 654848K, used 0K [0x00000000d5580000, 0x0000000100000000, 0x0000000100000000)
  eden space 610304K, 0% used [0x00000000d5580000,0x00000000d5580000,0x00000000fa980000)
  from space 44544K, 0% used [0x00000000fd480000,0x00000000fd480000,0x0000000100000000)
  to   space 44032K, 0% used [0x00000000fa980000,0x00000000fa980000,0x00000000fd480000)
 ParOldGen       total 183808K, used 75318K [0x0000000080000000, 0x000000008b380000, 0x00000000d5580000)
  object space 183808K, 40% used [0x0000000080000000,0x000000008498da78,0x000000008b380000)
 Metaspace       used 93346K, capacity 96938K, committed 98600K, reserved 1134592K
  class space    used 12423K, capacity 13091K, committed 13480K, reserved 1048576K
}
Event: 442.984 GC heap before
{Heap before GC invocations=17 (full 4):
 PSYoungGen      total 654848K, used 610304K [0x00000000d5580000, 0x0000000100000000, 0x0000000100000000)
  eden space 610304K, 100% used [0x00000000d5580000,0x00000000fa980000,0x00000000fa980000)
  from space 44544K, 0% used [0x00000000fd480000,0x00000000fd480000,0x0000000100000000)
  to   space 44032K, 0% used [0x00000000fa980000,0x00000000fa980000,0x00000000fd480000)
 ParOldGen       total 183808K, used 75318K [0x0000000080000000, 0x000000008b380000, 0x00000000d5580000)
  object space 183808K, 40% used [0x0000000080000000,0x000000008498da78,0x000000008b380000)
 Metaspace       used 106893K, capacity 112758K, committed 112920K, reserved 1146880K
  class space    used 14194K, capacity 15303K, committed 15400K, reserved 1048576K
Event: 443.145 GC heap after
Heap after GC invocations=17 (full 4):
 PSYoungGen      total 654336K, used 25977K [0x00000000d5580000, 0x0000000100000000, 0x0000000100000000)
  eden space 610304K, 0% used [0x00000000d5580000,0x00000000d5580000,0x00000000fa980000)
  from space 44032K, 58% used [0x00000000fa980000,0x00000000fc2de528,0x00000000fd480000)
  to   space 44544K, 0% used [0x00000000fd480000,0x00000000fd480000,0x0000000100000000)
 ParOldGen       total 183808K, used 75326K [0x0000000080000000, 0x000000008b380000, 0x00000000d5580000)
  object space 183808K, 40% used [0x0000000080000000,0x000000008498fa78,0x000000008b380000)
 Metaspace       used 106893K, capacity 112758K, committed 112920K, reserved 1146880K
  class space    used 14194K, capacity 15303K, committed 15400K, reserved 1048576K
}

